<?xml version="1.0" encoding="UTF-8"?>
<!-- Generated by org.testng.reporters.JUnitReportReporter -->
<testsuite skipped="0" hostname="LAPTOP-3FSQAO3J" name="com.qa.hubspot.tests.LoginPageTest" tests="3" failures="0" timestamp="15 May 2020 15:24:46 GMT" time="32.016" errors="0">
  <testcase name="verifySignUpLinkTest" time="18.116" classname="com.qa.hubspot.tests.LoginPageTest"/>
  <testcase name="verifyLoginPageTitleTest" time="0.024" classname="com.qa.hubspot.tests.LoginPageTest"/>
  <testcase name="loginTest" time="13.876" classname="com.qa.hubspot.tests.LoginPageTest"/>
</testsuite> <!-- com.qa.hubspot.tests.LoginPageTest -->
