<?xml version="1.0" encoding="UTF-8"?>
<!-- Generated by org.testng.reporters.JUnitReportReporter -->
<testsuite hostname="DESKTOP-EH4DQNG" name="requistionlist.CopyselectedOption" tests="1" failures="0" timestamp="18 Feb 2019 06:18:01 GMT" time="37.906" errors="0">
  <testcase name="copyselectedoption" time="37.906" classname="requistionlist.CopyselectedOption"/>
</testsuite> <!-- requistionlist.CopyselectedOption -->
