<?xml version="1.0" encoding="UTF-8"?>
<!-- Generated by org.testng.reporters.JUnitReportReporter -->
<testsuite hostname="DESKTOP-EH4DQNG" name="pdppage.Productdetails" tests="1" failures="0" timestamp="18 Feb 2019 06:18:01 GMT" time="32.022" errors="0">
  <testcase name="productdetail" time="32.022" classname="pdppage.Productdetails"/>
</testsuite> <!-- pdppage.Productdetails -->
