<?xml version="1.0" encoding="UTF-8"?>
<!-- Generated by org.testng.reporters.JUnitReportReporter -->
<testsuite hostname="DESKTOP-EH4DQNG" name="searchresult.SearchKeyword" tests="1" failures="0" timestamp="18 Feb 2019 06:18:01 GMT" time="21.782" errors="0">
  <testcase name="searchkeyword" time="21.782" classname="searchresult.SearchKeyword"/>
</testsuite> <!-- searchresult.SearchKeyword -->
