<?xml version="1.0" encoding="UTF-8"?>
<!-- Generated by org.testng.reporters.JUnitReportReporter -->
<testsuite hostname="DESKTOP-EH4DQNG" name="shoppingcart.RemoveProduct" tests="1" failures="0" timestamp="18 Feb 2019 06:18:01 GMT" time="58.458" errors="0">
  <testcase name="removeprdt" time="58.458" classname="shoppingcart.RemoveProduct"/>
</testsuite> <!-- shoppingcart.RemoveProduct -->
