<?xml version="1.0" encoding="UTF-8"?>
<!-- Generated by org.testng.reporters.JUnitReportReporter -->
<testsuite hostname="DESKTOP-EH4DQNG" name="plppage.ProductToRequistionList" tests="2" failures="0" timestamp="18 Feb 2019 06:18:01 GMT" time="54.101" errors="0">
  <testcase name="producttoexistingrequistionlist" time="15.407" classname="plppage.ProductToRequistionList"/>
  <testcase name="producttonewrequistionlist" time="38.694" classname="plppage.ProductToRequistionList"/>
</testsuite> <!-- plppage.ProductToRequistionList -->
