<?xml version="1.0" encoding="UTF-8"?>
<!-- Generated by org.testng.reporters.JUnitReportReporter -->
<testsuite hostname="DESKTOP-EH4DQNG" name="RolesandPermissions.EditRole" tests="1" failures="0" timestamp="18 Feb 2019 06:18:01 GMT" time="35.956" errors="0">
  <testcase name="editrole" time="35.956" classname="RolesandPermissions.EditRole"/>
</testsuite> <!-- RolesandPermissions.EditRole -->
