<?xml version="1.0" encoding="UTF-8"?>
<!-- Generated by org.testng.reporters.JUnitReportReporter -->
<testsuite hostname="DESKTOP-EH4DQNG" name="CheckoutPage.PageLayout" tests="1" failures="0" timestamp="9 Feb 2019 10:49:45 GMT" time="40.670" errors="0">
  <testcase name="pagelayout" time="40.670" classname="CheckoutPage.PageLayout"/>
</testsuite> <!-- CheckoutPage.PageLayout -->
