<?xml version="1.0" encoding="UTF-8"?>
<!-- Generated by org.testng.reporters.JUnitReportReporter -->
<testsuite hostname="DESKTOP-EH4DQNG" name="RewardPoint.SubscriptionPointExpiry" tests="1" failures="0" timestamp="18 Feb 2019 06:18:01 GMT" time="33.117" errors="0">
  <testcase name="subscriptionpointexpiry" time="33.117" classname="RewardPoint.SubscriptionPointExpiry"/>
</testsuite> <!-- RewardPoint.SubscriptionPointExpiry -->
