<?xml version="1.0" encoding="UTF-8"?>
<!-- Generated by org.testng.reporters.JUnitReportReporter -->
<testsuite hostname="DESKTOP-EH4DQNG" name="AccountDashboard.EditAccountInformation" tests="3" failures="0" timestamp="18 Feb 2019 06:18:01 GMT" time="57.886" errors="0">
  <testcase name="editpass" time="12.704" classname="AccountDashboard.EditAccountInformation"/>
  <testcase name="editfirstnamelastname" time="35.581" classname="AccountDashboard.EditAccountInformation"/>
  <testcase name="editemail" time="9.601" classname="AccountDashboard.EditAccountInformation"/>
</testsuite> <!-- AccountDashboard.EditAccountInformation -->
