<?xml version="1.0" encoding="UTF-8"?>
<!-- Generated by org.testng.reporters.JUnitReportReporter -->
<testsuite hostname="DESKTOP-EH4DQNG" name="CompanyUsers.DeleteUser" tests="1" failures="0" timestamp="18 Feb 2019 06:18:01 GMT" time="34.868" errors="0">
  <testcase name="edituser" time="34.868" classname="CompanyUsers.DeleteUser"/>
</testsuite> <!-- CompanyUsers.DeleteUser -->
