<?xml version="1.0" encoding="UTF-8"?>
<!-- Generated by org.testng.reporters.JUnitReportReporter -->
<testsuite hostname="DESKTOP-EH4DQNG" name="pdppage.AddtoMinicart" tests="1" failures="0" timestamp="18 Feb 2019 06:18:01 GMT" time="44.857" errors="0">
  <testcase name="addtocart" time="44.857" classname="pdppage.AddtoMinicart"/>
</testsuite> <!-- pdppage.AddtoMinicart -->
