<?xml version="1.0" encoding="UTF-8"?>
<!-- Generated by org.testng.reporters.JUnitReportReporter -->
<testsuite hostname="DESKTOP-EH4DQNG" name="RolesandPermissions.DeleteRole" tests="1" failures="0" timestamp="18 Feb 2019 06:18:01 GMT" time="29.172" errors="0">
  <testcase name="deleterole" time="29.172" classname="RolesandPermissions.DeleteRole"/>
</testsuite> <!-- RolesandPermissions.DeleteRole -->
