<?xml version="1.0" encoding="UTF-8"?>
<!-- Generated by org.testng.reporters.JUnitReportReporter -->
<testsuite hostname="DESKTOP-EH4DQNG" name="searchresult.Sorting" tests="2" failures="0" timestamp="18 Feb 2019 06:18:01 GMT" time="33.928" errors="0">
  <testcase name="sorterwithprice" time="26.134" classname="searchresult.Sorting"/>
  <testcase name="sorterwithproductname" time="7.794" classname="searchresult.Sorting"/>
</testsuite> <!-- searchresult.Sorting -->
