<?xml version="1.0" encoding="UTF-8"?>
<!-- Generated by org.testng.reporters.JUnitReportReporter -->
<testsuite hostname="DESKTOP-EH4DQNG" name="pdppage.ChangeQuantity" tests="1" failures="0" timestamp="18 Feb 2019 06:18:01 GMT" time="37.832" errors="0">
  <testcase name="changequan" time="37.832" classname="pdppage.ChangeQuantity"/>
</testsuite> <!-- pdppage.ChangeQuantity -->
