<?xml version="1.0" encoding="UTF-8"?>
<!-- Generated by org.testng.reporters.JUnitReportReporter -->
<testsuite hostname="DESKTOP-EH4DQNG" name="requistionlist.RemoveOption" tests="1" failures="0" timestamp="18 Feb 2019 06:18:01 GMT" time="50.164" errors="0">
  <testcase name="removeoption" time="50.164" classname="requistionlist.RemoveOption"/>
</testsuite> <!-- requistionlist.RemoveOption -->
