<?xml version="1.0" encoding="UTF-8"?>
<!-- Generated by org.testng.reporters.JUnitReportReporter -->
<testsuite hostname="DESKTOP-EH4DQNG" name="plppage.Sorting" tests="3" failures="0" timestamp="18 Feb 2019 06:18:01 GMT" time="51.261" errors="0">
  <testcase name="sortingbyname" time="14.414" classname="plppage.Sorting"/>
  <testcase name="sortingbyprice" time="15.567" classname="plppage.Sorting"/>
  <testcase name="sortingbyposition" time="21.280" classname="plppage.Sorting"/>
</testsuite> <!-- plppage.Sorting -->
