<?xml version="1.0" encoding="UTF-8"?>
<!-- Generated by org.testng.reporters.JUnitReportReporter -->
<testsuite hostname="DESKTOP-EH4DQNG" name="AccountDashboard.RequisitionList" tests="1" failures="0" timestamp="18 Feb 2019 06:18:01 GMT" time="30.764" errors="0">
  <testcase name="createrequisitionlist" time="30.764" classname="AccountDashboard.RequisitionList"/>
</testsuite> <!-- AccountDashboard.RequisitionList -->
