<?xml version="1.0" encoding="UTF-8"?>
<!-- Generated by org.testng.reporters.JUnitReportReporter -->
<testsuite hostname="DESKTOP-EH4DQNG" name="CompanyUsers.AddnewUser" tests="1" failures="0" timestamp="9 Feb 2019 06:14:55 GMT" time="30.590" errors="0">
  <testcase name="AddnewUser" time="30.590" classname="CompanyUsers.AddnewUser"/>
</testsuite> <!-- CompanyUsers.AddnewUser -->
