<?xml version="1.0" encoding="UTF-8"?>
<!-- Generated by org.testng.reporters.JUnitReportReporter -->
<testsuite hostname="DESKTOP-EH4DQNG" name="RolesandPermissions.DuplicateRole" tests="1" failures="0" timestamp="18 Feb 2019 06:18:01 GMT" time="30.830" errors="0">
  <testcase name="duplicaterole" time="30.830" classname="RolesandPermissions.DuplicateRole"/>
</testsuite> <!-- RolesandPermissions.DuplicateRole -->
