<?xml version="1.0" encoding="UTF-8"?>
<!-- Generated by org.testng.reporters.JUnitReportReporter -->
<testsuite hostname="DESKTOP-EH4DQNG" name="CompanyUsers.UserEdit" tests="1" failures="0" timestamp="18 Feb 2019 06:18:01 GMT" time="40.341" errors="0">
  <testcase name="edituser" time="40.341" classname="CompanyUsers.UserEdit"/>
</testsuite> <!-- CompanyUsers.UserEdit -->
