<?xml version="1.0" encoding="UTF-8"?>
<!-- Generated by org.testng.reporters.JUnitReportReporter -->
<testsuite hostname="DESKTOP-EH4DQNG" name="shoppingcart.MoveTowishlist" tests="1" failures="0" timestamp="18 Feb 2019 06:18:01 GMT" time="59.477" errors="0">
  <testcase name="movetowishlist" time="59.477" classname="shoppingcart.MoveTowishlist"/>
</testsuite> <!-- shoppingcart.MoveTowishlist -->
