<?xml version="1.0" encoding="UTF-8"?>
<!-- Generated by org.testng.reporters.JUnitReportReporter -->
<testsuite hostname="DESKTOP-EH4DQNG" name="RewardPoint.Subscriptionupdate" tests="1" failures="0" timestamp="18 Feb 2019 06:18:01 GMT" time="33.155" errors="0">
  <testcase name="subscriptionbalanceupdate" time="33.155" classname="RewardPoint.Subscriptionupdate"/>
</testsuite> <!-- RewardPoint.Subscriptionupdate -->
