<?xml version="1.0" encoding="UTF-8"?>
<!-- Generated by org.testng.reporters.JUnitReportReporter -->
<testsuite hostname="DESKTOP-EH4DQNG" name="pdppage.FeaturedProduct" tests="1" failures="0" timestamp="18 Feb 2019 06:18:01 GMT" time="35.522" errors="0">
  <testcase name="featuredproduct" time="35.522" classname="pdppage.FeaturedProduct"/>
</testsuite> <!-- pdppage.FeaturedProduct -->
