<?xml version="1.0" encoding="UTF-8"?>
<!-- Generated by org.testng.reporters.JUnitReportReporter -->
<testsuite hostname="DESKTOP-EH4DQNG" name="plppage.Addtowishlist" tests="1" failures="0" timestamp="18 Feb 2019 06:18:01 GMT" time="46.151" errors="0">
  <testcase name="addtowishlist" time="46.151" classname="plppage.Addtowishlist"/>
</testsuite> <!-- plppage.Addtowishlist -->
