<?xml version="1.0" encoding="UTF-8"?>
<!-- Generated by org.testng.reporters.JUnitReportReporter -->
<testsuite hostname="DESKTOP-EH4DQNG" name="plppage.CartPagefrmMiniCart" tests="1" failures="0" timestamp="18 Feb 2019 06:18:01 GMT" time="39.285" errors="0">
  <testcase name="gocartfrmminicart" time="39.285" classname="plppage.CartPagefrmMiniCart"/>
</testsuite> <!-- plppage.CartPagefrmMiniCart -->
