<?xml version="1.0" encoding="UTF-8"?>
<!-- Generated by org.testng.reporters.JUnitReportReporter -->
<testsuite hostname="DESKTOP-EH4DQNG" name="homepage.LoginAccount" tests="1" failures="0" timestamp="18 Feb 2019 06:18:01 GMT" time="12.937" errors="0">
  <testcase name="loginregisteredccount" time="12.937" classname="homepage.LoginAccount"/>
</testsuite> <!-- homepage.LoginAccount -->
