<?xml version="1.0" encoding="UTF-8"?>
<!-- Generated by org.testng.reporters.JUnitReportReporter -->
<testsuite skipped="0" hostname="LAPTOP-3FSQAO3J" name="homepage.HeaderFooter" tests="1" failures="0" timestamp="10 May 2020 12:05:40 GMT" time="46.163" errors="0">
  <testcase name="headerfooter" time="46.163" classname="homepage.HeaderFooter"/>
</testsuite> <!-- homepage.HeaderFooter -->
